<?xml version="1.0" encoding="UTF-8"?>
<!-- Generated by org.testng.reporters.JUnitXMLReporter -->
<testsuite hostname="BCTCW-HP-63" ignored="8" name="Test" tests="7" failures="4" timestamp="23 Mar 2018 09:17:33 GMT" time="37.911" errors="0">
  <testcase name="loginFail" time="7.099" classname="com.pom.testcases.CholaOpen">
    <failure type="java.lang.RuntimeException" message="Failed">
      <![CDATA[java.lang.RuntimeException: Failed
at com.pom.utils.ReporterExtent.reportStep(ReporterExtent.java:51)
at com.pom.utils.ReporterExtent.reportStep(ReporterExtent.java:22)
at com.pom.wrappers.GenericWrappers.enter(GenericWrappers.java:1027)
at com.pom.pages.LoginPage.enterUserId(LoginPage.java:22)
at com.pom.testcases.CholaOpen.loginFail(CholaOpen.java:50)
at java.util.concurrent.ThreadPoolExecutor.runWorker(Unknown Source)
at java.util.concurrent.ThreadPoolExecutor$Worker.run(Unknown Source)
at java.lang.Thread.run(Unknown Source)
... Removed 10 stack frames]]>
    </failure>
  </testcase> <!-- loginFail -->
  <testcase name="loginFail" time="7.125" classname="com.pom.testcases.LoginBCT">
    <failure type="java.lang.RuntimeException" message="Failed">
      <![CDATA[java.lang.RuntimeException: Failed
at com.pom.utils.ReporterExtent.reportStep(ReporterExtent.java:51)
at com.pom.utils.ReporterExtent.reportStep(ReporterExtent.java:22)
at com.pom.wrappers.GenericWrappers.enter(GenericWrappers.java:1027)
at com.pom.pages.LoginPage.enterUserId(LoginPage.java:22)
at com.pom.testcases.LoginBCT.loginFail(LoginBCT.java:54)
at java.util.concurrent.ThreadPoolExecutor.runWorker(Unknown Source)
at java.util.concurrent.ThreadPoolExecutor$Worker.run(Unknown Source)
at java.lang.Thread.run(Unknown Source)
... Removed 10 stack frames]]>
    </failure>
  </testcase> <!-- loginFail -->
  <testcase name="loginPass" time="5.748" classname="com.pom.testcases.LoginBCT">
    <failure type="java.lang.RuntimeException" message="Failed">
      <![CDATA[java.lang.RuntimeException: Failed
at com.pom.utils.ReporterExtent.reportStep(ReporterExtent.java:51)
at com.pom.utils.ReporterExtent.reportStep(ReporterExtent.java:22)
at com.pom.wrappers.GenericWrappers.enter(GenericWrappers.java:1027)
at com.pom.pages.LoginPage.enterUserId(LoginPage.java:22)
at com.pom.testcases.LoginBCT.loginPass(LoginBCT.java:40)
at java.util.concurrent.ThreadPoolExecutor.runWorker(Unknown Source)
at java.util.concurrent.ThreadPoolExecutor$Worker.run(Unknown Source)
at java.lang.Thread.run(Unknown Source)
... Removed 10 stack frames]]>
    </failure>
  </testcase> <!-- loginPass -->
  <testcase name="loginPass" time="5.95" classname="com.pom.testcases.CholaOpen">
    <failure type="java.lang.RuntimeException" message="Failed">
      <![CDATA[java.lang.RuntimeException: Failed
at com.pom.utils.ReporterExtent.reportStep(ReporterExtent.java:51)
at com.pom.utils.ReporterExtent.reportStep(ReporterExtent.java:22)
at com.pom.wrappers.GenericWrappers.enter(GenericWrappers.java:1027)
at com.pom.pages.LoginPageChola.enterUserId(LoginPageChola.java:22)
at com.pom.testcases.CholaOpen.loginPass(CholaOpen.java:38)
at java.util.concurrent.ThreadPoolExecutor.runWorker(Unknown Source)
at java.util.concurrent.ThreadPoolExecutor$Worker.run(Unknown Source)
at java.lang.Thread.run(Unknown Source)
... Removed 10 stack frames]]>
    </failure>
  </testcase> <!-- loginPass -->
  <testcase name="loginSkip" time="0.0" classname="com.pom.testcases.LoginBCT">
    <skipped/>
  </testcase> <!-- loginSkip -->
  <testcase name="loginSkip2" time="0.0" classname="com.pom.testcases.LoginBCT">
    <skipped/>
  </testcase> <!-- loginSkip2 -->
  <testcase name="loginSkip" time="0.0" classname="com.pom.testcases.CholaOpen">
    <skipped/>
  </testcase> <!-- loginSkip -->
  <testcase name="@BeforeTest zgetAllObjects" time="0.0" classname="com.pom.wrappers.ProjectWrappers">
    <ignored/>
  </testcase> <!-- @BeforeTest zgetAllObjects -->
  <testcase name="@BeforeSuite beforSuite" time="0.0" classname="com.pom.wrappers.ProjectWrappers">
    <ignored/>
  </testcase> <!-- @BeforeSuite beforSuite -->
  <testcase name="@BeforeTest beforeTest" time="0.0" classname="com.pom.wrappers.ProjectWrappers">
    <ignored/>
  </testcase> <!-- @BeforeTest beforeTest -->
  <testcase name="@BeforeTest getGridConfig" time="0.0" classname="com.pom.wrappers.ProjectWrappers">
    <ignored/>
  </testcase> <!-- @BeforeTest getGridConfig -->
  <testcase name="@AfterSuite afterSuite" time="0.0" classname="com.pom.wrappers.ProjectWrappers">
    <ignored/>
  </testcase> <!-- @AfterSuite afterSuite -->
  <testcase name="@BeforeTest getMobileConfig" time="0.0" classname="com.pom.wrappers.ProjectWrappers">
    <ignored/>
  </testcase> <!-- @BeforeTest getMobileConfig -->
  <testcase name="@BeforeTest setTestData" time="0.0" classname="com.pom.wrappers.ProjectWrappers">
    <ignored/>
  </testcase> <!-- @BeforeTest setTestData -->
  <testcase name="@AfterTest afterTest" time="0.0" classname="com.pom.wrappers.ProjectWrappers">
    <ignored/>
  </testcase> <!-- @AfterTest afterTest -->
</testsuite> <!-- Test -->
