<?xml version="1.0" encoding="UTF-8"?>
<!-- Generated by org.testng.reporters.JUnitXMLReporter -->
<testsuite hostname="BCTCW-DELL072" ignored="0" name="Test" tests="1" failures="1" timestamp="11 Sep 2017 10:57:59 GMT" time="0.031" errors="0">
  <testcase name="@BeforeClass setData" time="0.0" classname="com.pom.testcases.TC001_Login">
    <failure type="java.lang.NullPointerException">
      <![CDATA[java.lang.NullPointerException
	at java.util.Hashtable.get(Unknown Source)
	at java.util.Properties.getProperty(Unknown Source)
	at com.pom.testcases.TC001_Login.setData(TC001_Login.java:13)
... Removed 25 stack frames]]>
    </failure>
  </testcase> <!-- @BeforeClass setData -->
  <testcase name="@AfterTest afterTest" time="0.0" classname="com.pom.wrappers.BahwanWrappers">
    <skipped/>
  </testcase> <!-- @AfterTest afterTest -->
  <testcase name="login" time="0.0" classname="com.pom.testcases.TC001_Login">
    <failure type="org.testng.TestNGException" message="
Data Provider public java.lang.Object[][] com.pom.wrappers.BahwanWrappers.getData() must return either Object[][] or Iterator&amp;lt;Object&amp;gt;[], not class [[Ljava.lang.Object;">
      <![CDATA[org.testng.TestNGException: 
Data Provider public java.lang.Object[][] com.pom.wrappers.BahwanWrappers.getData() must return either Object[][] or Iterator<Object>[], not class [[Ljava.lang.Object;
... Removed 22 stack frames]]>
    </failure>
  </testcase> <!-- login -->
</testsuite> <!-- Test -->
